# JRE version: Java(TM) SE Runtime Environment (17.0.7+8) (build 17.0.7+8-LTS-224)
# Java VM: Java HotSpot(TM) 64-Bit Server VM (17.0.7+8-LTS-224, mixed mode, emulated-client, sharing, tiered, compressed oops, compressed class ptrs, g1 gc, windows-amd64)
GC Precious Log:
 CPUs: 4 total, 4 available
 Memory: 8073M
 Large Page Support: Disabled
 NUMA Support: Disabled
 Compressed Oops: Enabled (32-bit)
 Heap Region Size: 1M
 Heap Min Capacity: 8M
 Heap Initial Capacity: 128M
 Heap Max Capacity: 2020M
 Pre-touch: Disabled
 Parallel Workers: 4
 Concurrent Workers: 1
 Concurrent Refinement Workers: 4
 Periodic GC: Disabled
Heap:
 garbage-first heap   total 105472K, used 73278K [0x0000000081c00000, 0x0000000100000000)
  region size 1024K, 18 young (18432K), 3 survivors (3072K)
 Metaspace       used 67155K, committed 67840K, reserved 1114112K
  class space    used 9779K, committed 10112K, reserved 1048576K
GC Heap History (20 events):
Event: 8.727 GC heap before
{Heap before GC invocations=17 (full 0):
 garbage-first heap   total 66560K, used 53720K [0x0000000081c00000, 0x0000000100000000)
  region size 1024K, 25 young (25600K), 2 survivors (2048K)
 Metaspace       used 59016K, committed 59648K, reserved 1105920K
  class space    used 8536K, committed 8832K, reserved 1048576K
}
Event: 8.731 GC heap after
{Heap after GC invocations=18 (full 0):
 garbage-first heap   total 66560K, used 31584K [0x0000000081c00000, 0x0000000100000000)
  region size 1024K, 4 young (4096K), 4 survivors (4096K)
 Metaspace       used 59016K, committed 59648K, reserved 1105920K
  class space    used 8536K, committed 8832K, reserved 1048576K
}
Event: 8.937 GC heap before
{Heap before GC invocations=18 (full 0):
 garbage-first heap   total 66560K, used 52064K [0x0000000081c00000, 0x0000000100000000)
  region size 1024K, 25 young (25600K), 4 survivors (4096K)
 Metaspace       used 61612K, committed 62208K, reserved 1105920K
  class space    used 9026K, committed 9280K, reserved 1048576K
}
Event: 8.942 GC heap after
{Heap after GC invocations=19 (full 0):
 garbage-first heap   total 66560K, used 32685K [0x0000000081c00000, 0x0000000100000000)
  region size 1024K, 4 young (4096K), 4 survivors (4096K)
 Metaspace       used 61612K, committed 62208K, reserved 1105920K
  class space    used 9026K, committed 9280K, reserved 1048576K
}
Event: 9.031 GC heap before
{Heap before GC invocations=19 (full 0):
 garbage-first heap   total 66560K, used 53165K [0x0000000081c00000, 0x0000000100000000)
  region size 1024K, 24 young (24576K), 4 survivors (4096K)
 Metaspace       used 61764K, committed 62336K, reserved 1105920K
  class space    used 9038K, committed 9280K, reserved 1048576K
}
Event: 9.036 GC heap after
{Heap after GC invocations=20 (full 0):
 garbage-first heap   total 79872K, used 33216K [0x0000000081c00000, 0x0000000100000000)
  region size 1024K, 2 young (2048K), 2 survivors (2048K)
 Metaspace       used 61764K, committed 62336K, reserved 1105920K
  class space    used 9038K, committed 9280K, reserved 1048576K
}
Event: 9.439 GC heap before
{Heap before GC invocations=20 (full 0):
 garbage-first heap   total 79872K, used 64960K [0x0000000081c00000, 0x0000000100000000)
  region size 1024K, 33 young (33792K), 2 survivors (2048K)
 Metaspace       used 64467K, committed 65024K, reserved 1105920K
  class space    used 9424K, committed 9664K, reserved 1048576K
}
Event: 9.445 GC heap after
{Heap after GC invocations=21 (full 0):
 garbage-first heap   total 79872K, used 35093K [0x0000000081c00000, 0x0000000100000000)
  region size 1024K, 4 young (4096K), 4 survivors (4096K)
 Metaspace       used 64467K, committed 65024K, reserved 1105920K
  class space    used 9424K, committed 9664K, reserved 1048576K
}
Event: 9.854 GC heap before
{Heap before GC invocations=21 (full 0):
 garbage-first heap   total 79872K, used 65813K [0x0000000081c00000, 0x0000000100000000)
  region size 1024K, 33 young (33792K), 4 survivors (4096K)
 Metaspace       used 67060K, committed 67712K, reserved 1114112K
  class space    used 9766K, committed 10048K, reserved 1048576K
}
Event: 9.864 GC heap after
{Heap after GC invocations=22 (full 0):
 garbage-first heap   total 79872K, used 39810K [0x0000000081c00000, 0x0000000100000000)
  region size 1024K, 5 young (5120K), 5 survivors (5120K)
 Metaspace       used 67060K, committed 67712K, reserved 1114112K
  class space    used 9766K, committed 10048K, reserved 1048576K
}
Event: 10.062 GC heap before
{Heap before GC invocations=22 (full 0):
 garbage-first heap   total 79872K, used 63362K [0x0000000081c00000, 0x0000000100000000)
  region size 1024K, 29 young (29696K), 5 survivors (5120K)
 Metaspace       used 67073K, committed 67776K, reserved 1114112K
  class space    used 9768K, committed 10112K, reserved 1048576K
}
Event: 10.072 GC heap after
{Heap after GC invocations=23 (full 0):
 garbage-first heap   total 79872K, used 44806K [0x0000000081c00000, 0x0000000100000000)
  region size 1024K, 4 young (4096K), 4 survivors (4096K)
 Metaspace       used 67073K, committed 67776K, reserved 1114112K
  class space    used 9768K, committed 10112K, reserved 1048576K
}
Event: 10.147 GC heap before
{Heap before GC invocations=23 (full 0):
 garbage-first heap   total 79872K, used 55046K [0x0000000081c00000, 0x0000000100000000)
  region size 1024K, 16 young (16384K), 4 survivors (4096K)
 Metaspace       used 67155K, committed 67840K, reserved 1114112K
  class space    used 9779K, committed 10112K, reserved 1048576K
}
Event: 10.154 GC heap after
{Heap after GC invocations=24 (full 0):
 garbage-first heap   total 105472K, used 49081K [0x0000000081c00000, 0x0000000100000000)
  region size 1024K, 3 young (3072K), 3 survivors (3072K)
 Metaspace       used 67155K, committed 67840K, reserved 1114112K
  class space    used 9779K, committed 10112K, reserved 1048576K
}
Event: 10.250 GC heap before
{Heap before GC invocations=24 (full 0):
 garbage-first heap   total 105472K, used 75705K [0x0000000081c00000, 0x0000000100000000)
  region size 1024K, 29 young (29696K), 3 survivors (3072K)
 Metaspace       used 67155K, committed 67840K, reserved 1114112K
  class space    used 9779K, committed 10112K, reserved 1048576K
}
Event: 10.257 GC heap after
{Heap after GC invocations=25 (full 0):
 garbage-first heap   total 105472K, used 55703K [0x0000000081c00000, 0x0000000100000000)
  region size 1024K, 4 young (4096K), 4 survivors (4096K)
 Metaspace       used 67155K, committed 67840K, reserved 1114112K
  class space    used 9779K, committed 10112K, reserved 1048576K
}
Event: 10.295 GC heap before
{Heap before GC invocations=25 (full 0):
 garbage-first heap   total 105472K, used 62871K [0x0000000081c00000, 0x0000000100000000)
  region size 1024K, 12 young (12288K), 4 survivors (4096K)
 Metaspace       used 67155K, committed 67840K, reserved 1114112K
  class space    used 9779K, committed 10112K, reserved 1048576K
}
Event: 10.302 GC heap after
{Heap after GC invocations=26 (full 0):
 garbage-first heap   total 105472K, used 59041K [0x0000000081c00000, 0x0000000100000000)
  region size 1024K, 3 young (3072K), 3 survivors (3072K)
 Metaspace       used 67155K, committed 67840K, reserved 1114112K
  class space    used 9779K, committed 10112K, reserved 1048576K
}
Event: 10.361 GC heap before
{Heap before GC invocations=26 (full 0):
 garbage-first heap   total 105472K, used 77473K [0x0000000081c00000, 0x0000000100000000)
  region size 1024K, 21 young (21504K), 3 survivors (3072K)
 Metaspace       used 67155K, committed 67840K, reserved 1114112K
  class space    used 9779K, committed 10112K, reserved 1048576K
}
Event: 10.367 GC heap after
{Heap after GC invocations=27 (full 0):
 garbage-first heap   total 105472K, used 63038K [0x0000000081c00000, 0x0000000100000000)
  region size 1024K, 3 young (3072K), 3 survivors (3072K)
 Metaspace       used 67155K, committed 67840K, reserved 1114112K
  class space    used 9779K, committed 10112K, reserved 1048576K
}

